[debug] [2025-06-19T15:52:54.324Z] [Firebase Plugin] Activating Firebase extension.
[info] [Firebase Plugin] Checked firebase-tools, is up to date!
[debug] [2025-06-19T15:52:56.243Z] [Firebase Plugin] requireAuthWrapper
[debug] [2025-06-19T15:52:56.243Z] > command requires scopes: ["email","openid","https://www.googleapis.com/auth/cloudplatformprojects.readonly","https://www.googleapis.com/auth/firebase","https://www.googleapis.com/auth/cloud-platform"]
[debug] [2025-06-19T15:52:56.243Z] > authorizing via signed-in user (mukul.meena@iitgn.ac.in)
[debug] [2025-06-19T15:52:56.245Z] Checked if tokens are valid: true, expires at: 1750351472608
[debug] [2025-06-19T15:52:56.245Z] Checked if tokens are valid: true, expires at: 1750351472608
[debug] [2025-06-19T15:52:56.245Z] [Firebase Plugin] User found:  mukul.meena@iitgn.ac.in
[info] [Firebase Plugin] (Core:Project) New user detected, fetching projects
[debug] [2025-06-19T15:52:56.245Z] Checked if tokens are valid: true, expires at: 1750351472608
[debug] [2025-06-19T15:52:56.246Z] >>> [apiv2][query] GET https://firebase.googleapis.com/v1beta1/projects pageSize=1000
[debug] [2025-06-19T15:52:56.249Z] [Firebase Plugin] VSCode notification server listening on port 40001
[info] [Firebase Plugin] Starting Data Connect toolkit (version 2.6.3) on port 50001
[debug] [2025-06-19T15:52:57.557Z] I0619 21:22:57.544243   96577 control.go:73] [/emulator/tech-website 15c6] UpdateResources(): done
Schema: sources: schema/schema.gql [2088B] 
Connector "default": sources: connector/mutations.gql [1233B] connector/queries.gql [1802B] 
 {"metadata":{"emulator":{"name":"dataconnect"},"message":"I0619 21:22:57.544243   96577 control.go:73] [/emulator/tech-website 15c6] UpdateResources(): done\nSchema: sources: schema/schema.gql [2088B] \nConnector \"default\": sources: connector/mutations.gql [1233B] connector/queries.gql [1802B] \n"}}
[debug] [2025-06-19T15:52:57.557Z] Ignoring unsupported arg: auto_download {"metadata":{"emulator":{"name":"dataconnect"},"message":"Ignoring unsupported arg: auto_download"}}
[debug] [2025-06-19T15:52:57.557Z] Ignoring unsupported arg: port {"metadata":{"emulator":{"name":"dataconnect"},"message":"Ignoring unsupported arg: port"}}
[debug] [2025-06-19T15:52:57.557Z] Starting Data Connect Emulator with command {"binary":"/Users/mukul7711/.cache/firebase/emulators/dataconnect-emulator-2.6.3","args":["--logtostderr","-v=2","dev","--listen=localhost:50001","--config_dir=/Users/mukul7711/Documents/webdev/tech-website/dataconnect","--enable_output_schema_extensions=true","--enable_output_generated_sdk=true"],"optionalArgs":["listen","config_dir","enable_output_schema_extensions","enable_output_generated_sdk"],"joinArgs":true,"shell":false,"port":9399} {"metadata":{"emulator":{"name":"dataconnect"},"message":"Starting Data Connect Emulator with command {\"binary\":\"/Users/mukul7711/.cache/firebase/emulators/dataconnect-emulator-2.6.3\",\"args\":[\"--logtostderr\",\"-v=2\",\"dev\",\"--listen=localhost:50001\",\"--config_dir=/Users/mukul7711/Documents/webdev/tech-website/dataconnect\",\"--enable_output_schema_extensions=true\",\"--enable_output_generated_sdk=true\"],\"optionalArgs\":[\"listen\",\"config_dir\",\"enable_output_schema_extensions\",\"enable_output_generated_sdk\"],\"joinArgs\":true,\"shell\":false,\"port\":9399}"}}
[info] i  dataconnect: Data Connect Emulator logging to dataconnect-debug.log {"metadata":{"emulator":{"name":"dataconnect"},"message":"Data Connect Emulator logging to dataconnect-debug.log"}}
[debug] [2025-06-19T15:52:57.749Z] I0619 21:22:57.747950   96578 load.go:37] Reloading schema and connectors...
 {"metadata":{"emulator":{"name":"dataconnect"},"message":"I0619 21:22:57.747950   96578 load.go:37] Reloading schema and connectors...\n"}}
[debug] [2025-06-19T15:52:57.774Z] I0619 21:22:57.774135   96578 control.go:73] [/emulator/tech-website c6ae] UpdateResources(): done
Schema: sources: schema/schema.gql [2088B] 
Connector "default": sources: connector/mutations.gql [1233B] connector/queries.gql [1802B] 
 {"metadata":{"emulator":{"name":"dataconnect"},"message":"I0619 21:22:57.774135   96578 control.go:73] [/emulator/tech-website c6ae] UpdateResources(): done\nSchema: sources: schema/schema.gql [2088B] \nConnector \"default\": sources: connector/mutations.gql [1233B] connector/queries.gql [1802B] \n"}}
[debug] [2025-06-19T15:52:57.797Z] I0619 21:22:57.796768   96578 collector.go:107] schema extensions wrote into "/Users/mukul7711/Documents/webdev/tech-website/dataconnect/.dataconnect/schema"
Generated sources: prelude.gql [71531B] 
 {"metadata":{"emulator":{"name":"dataconnect"},"message":"I0619 21:22:57.796768   96578 collector.go:107] schema extensions wrote into \"/Users/mukul7711/Documents/webdev/tech-website/dataconnect/.dataconnect/schema\"\nGenerated sources: prelude.gql [71531B] \n"}}
[debug] [2025-06-19T15:52:57.797Z] I0619 21:22:57.797045   96578 load.go:115] Finished reloading
 {"metadata":{"emulator":{"name":"dataconnect"},"message":"I0619 21:22:57.797045   96578 load.go:115] Finished reloading\n"}}
[debug] [2025-06-19T15:52:57.804Z] I0619 21:22:57.804515   96578 dev.go:95] Listening on address (HTTP + gRPC): 127.0.0.1:50001
 {"metadata":{"emulator":{"name":"dataconnect"},"message":"I0619 21:22:57.804515   96578 dev.go:95] Listening on address (HTTP + gRPC): 127.0.0.1:50001\n"}}
[debug] [2025-06-19T15:52:58.527Z] <<< [apiv2][status] GET https://firebase.googleapis.com/v1beta1/projects 200
[debug] [2025-06-19T15:52:58.527Z] <<< [apiv2][body] GET https://firebase.googleapis.com/v1beta1/projects [omitted]
[error] [Firebase Plugin] error:  {}
